[0724/221844.098:ERROR:process_memory_win.cc(73)] ReadMemory at 0x7fefcfc00e8 of 264 bytes failed: Only part of a ReadProcessMemory or WriteProcessMemory request was completed. (0x12B)
[0724/221844.100:WARNING:pe_image_reader.cc(354)] could not read nt headers from C:\windows\system32\SSPICLI.DLL
[0724/221844.100:ERROR:process_memory_win.cc(73)] ReadMemory at 0x7fefd310000 of 64 bytes failed: Only part of a ReadProcessMemory or WriteProcessMemory request was completed. (0x12B)
[0724/221844.100:WARNING:pe_image_reader.cc(340)] could not read dos header from C:\windows\system32\USERENV.dll
[0724/221844.100:ERROR:process_memory_win.cc(73)] ReadMemory at 0x7fefd1b0000 of 64 bytes failed: Only part of a ReadProcessMemory or WriteProcessMemory request was completed. (0x12B)
[0724/221844.100:WARNING:pe_image_reader.cc(340)] could not read dos header from C:\windows\system32\profapi.dll
[0724/221844.100:ERROR:process_memory_win.cc(73)] ReadMemory at 0x7fef0d20000 of 64 bytes failed: Only part of a ReadProcessMemory or WriteProcessMemory request was completed. (0x12B)
[0724/221844.100:WARNING:pe_image_reader.cc(340)] could not read dos header from C:\windows\system32\UIAutomationCore.DLL
[0724/221844.100:ERROR:process_memory_win.cc(73)] ReadMemory at 0x77810000 of 64 bytes failed: Only part of a ReadProcessMemory or WriteProcessMemory request was completed. (0x12B)
[0724/221844.100:WARNING:pe_image_reader.cc(340)] could not read dos header from C:\windows\system32\PSAPI.DLL
[0724/221844.100:ERROR:process_memory_win.cc(73)] ReadMemory at 0x7fef8b40000 of 64 bytes failed: Only part of a ReadProcessMemory or WriteProcessMemory request was completed. (0x12B)
[0724/221844.100:WARNING:pe_image_reader.cc(340)] could not read dos header from C:\windows\system32\OLEACC.dll
[0724/221844.100:ERROR:process_memory_win.cc(73)] ReadMemory at 0x7fee7620000 of 64 bytes failed: Only part of a ReadProcessMemory or WriteProcessMemory request was completed. (0x12B)
[0724/221844.100:WARNING:pe_image_reader.cc(340)] could not read dos header from C:\windows\system32\DWrite.dll
[0724/221844.100:ERROR:process_memory_win.cc(73)] ReadMemory at 0x7fef8ba0000 of 64 bytes failed: Only part of a ReadProcessMemory or WriteProcessMemory request was completed. (0x12B)
[0724/221844.100:WARNING:pe_image_reader.cc(340)] could not read dos header from C:\windows\system32\WINSPOOL.DRV
[0724/221844.100:ERROR:process_memory_win.cc(73)] ReadMemory at 0x7fefa990000 of 64 bytes failed: Only part of a ReadProcessMemory or WriteProcessMemory request was completed. (0x12B)
[0724/221844.100:WARNING:pe_image_reader.cc(340)] could not read dos header from C:\windows\system32\dbghelp.dll
[0724/221844.101:ERROR:process_memory_win.cc(73)] ReadMemory at 0x7fef9a10000 of 64 bytes failed: Only part of a ReadProcessMemory or WriteProcessMemory request was completed. (0x12B)
[0724/221844.101:WARNING:pe_image_reader.cc(340)] could not read dos header from C:\windows\system32\WINHTTP.dll
[0724/221844.101:ERROR:process_memory_win.cc(73)] ReadMemory at 0x7fef99a0000 of 64 bytes failed: Only part of a ReadProcessMemory or WriteProcessMemory request was completed. (0x12B)
[0724/221844.101:WARNING:pe_image_reader.cc(340)] could not read dos header from C:\windows\system32\webio.dll
[0724/221844.101:ERROR:process_memory_win.cc(73)] ReadMemory at 0x7fef9ad0000 of 64 bytes failed: Only part of a ReadProcessMemory or WriteProcessMemory request was completed. (0x12B)
[0724/221844.101:WARNING:pe_image_reader.cc(340)] could not read dos header from C:\windows\system32\dhcpcsvc.DLL
[0724/221844.101:ERROR:process_memory_win.cc(73)] ReadMemory at 0x7fefea00000 of 64 bytes failed: Only part of a ReadProcessMemory or WriteProcessMemory request was completed. (0x12B)
[0724/221844.101:WARNING:pe_image_reader.cc(340)] could not read dos header from C:\windows\system32\SHELL32.dll
[0724/221844.101:ERROR:process_memory_win.cc(73)] ReadMemory at 0x7fefdbc0000 of 64 bytes failed: Only part of a ReadProcessMemory or WriteProcessMemory request was completed. (0x12B)
[0724/221844.101:WARNING:pe_image_reader.cc(340)] could not read dos header from C:\windows\system32\SHLWAPI.dll
[0724/221844.101:ERROR:process_memory_win.cc(73)] ReadMemory at 0x7fefd050000 of 64 bytes failed: Only part of a ReadProcessMemory or WriteProcessMemory request was completed. (0x12B)
[0724/221844.101:WARNING:pe_image_reader.cc(340)] could not read dos header from C:\windows\system32\cryptbase.dll
[0724/221844.101:ERROR:process_memory_win.cc(73)] ReadMemory at 0x7fefb750000 of 64 bytes failed: Only part of a ReadProcessMemory or WriteProcessMemory request was completed. (0x12B)
[0724/221844.101:WARNING:pe_image_reader.cc(340)] could not read dos header from C:\windows\system32\uxtheme.dll
[0724/221844.122:ERROR:process_memory_win.cc(73)] ReadMemory at 0x852000 of 57344 bytes failed: Only part of a ReadProcessMemory or WriteProcessMemory request was completed. (0x12B)
[0724/221844.122:ERROR:process_memory_win.cc(73)] ReadMemory at 0x1e0e000 of 8192 bytes failed: Only part of a ReadProcessMemory or WriteProcessMemory request was completed. (0x12B)
[0724/221844.122:ERROR:process_memory_win.cc(73)] ReadMemory at 0x41cd000 of 12288 bytes failed: Only part of a ReadProcessMemory or WriteProcessMemory request was completed. (0x12B)
[0724/221844.122:ERROR:process_memory_win.cc(73)] ReadMemory at 0x4b88000 of 32768 bytes failed: Only part of a ReadProcessMemory or WriteProcessMemory request was completed. (0x12B)
[0724/221844.122:ERROR:process_memory_win.cc(73)] ReadMemory at 0x54ec000 of 16384 bytes failed: Only part of a ReadProcessMemory or WriteProcessMemory request was completed. (0x12B)
[0724/221844.122:ERROR:process_memory_win.cc(73)] ReadMemory at 0x5cfb000 of 20480 bytes failed: Only part of a ReadProcessMemory or WriteProcessMemory request was completed. (0x12B)
[0724/221844.122:ERROR:process_memory_win.cc(73)] ReadMemory at 0x667f000 of 4096 bytes failed: Only part of a ReadProcessMemory or WriteProcessMemory request was completed. (0x12B)
[0724/221844.122:ERROR:process_memory_win.cc(73)] ReadMemory at 0x6fce000 of 8192 bytes failed: Only part of a ReadProcessMemory or WriteProcessMemory request was completed. (0x12B)
[0724/221844.122:ERROR:process_memory_win.cc(73)] ReadMemory at 0x785d000 of 12288 bytes failed: Only part of a ReadProcessMemory or WriteProcessMemory request was completed. (0x12B)
[0724/221844.122:ERROR:process_memory_win.cc(73)] ReadMemory at 0x841b000 of 20480 bytes failed: Only part of a ReadProcessMemory or WriteProcessMemory request was completed. (0x12B)
[0724/221844.123:ERROR:process_memory_win.cc(73)] ReadMemory at 0x8dbd000 of 12288 bytes failed: Only part of a ReadProcessMemory or WriteProcessMemory request was completed. (0x12B)
[0724/221844.123:ERROR:process_memory_win.cc(73)] ReadMemory at 0x9778000 of 32768 bytes failed: Only part of a ReadProcessMemory or WriteProcessMemory request was completed. (0x12B)
[0724/221844.123:ERROR:process_memory_win.cc(73)] ReadMemory at 0xa0ba000 of 24576 bytes failed: Only part of a ReadProcessMemory or WriteProcessMemory request was completed. (0x12B)
[0724/221844.123:ERROR:process_memory_win.cc(73)] ReadMemory at 0xa94a000 of 24576 bytes failed: Only part of a ReadProcessMemory or WriteProcessMemory request was completed. (0x12B)
[0724/221844.123:ERROR:process_memory_win.cc(73)] ReadMemory at 0xb4fd000 of 12288 bytes failed: Only part of a ReadProcessMemory or WriteProcessMemory request was completed. (0x12B)
[0724/221844.123:ERROR:process_memory_win.cc(73)] ReadMemory at 0xbd29000 of 28672 bytes failed: Only part of a ReadProcessMemory or WriteProcessMemory request was completed. (0x12B)
[0724/221844.123:ERROR:process_memory_win.cc(73)] ReadMemory at 0xcd7d000 of 12288 bytes failed: Only part of a ReadProcessMemory or WriteProcessMemory request was completed. (0x12B)
[0724/221844.123:ERROR:process_memory_win.cc(73)] ReadMemory at 0x101dd000 of 12288 bytes failed: Only part of a ReadProcessMemory or WriteProcessMemory request was completed. (0x12B)
[0724/221844.123:ERROR:process_memory_win.cc(73)] ReadMemory at 0x10add000 of 12288 bytes failed: Only part of a ReadProcessMemory or WriteProcessMemory request was completed. (0x12B)
[0724/221844.123:ERROR:process_memory_win.cc(73)] ReadMemory at 0x40000 of 384 bytes failed: Only part of a ReadProcessMemory or WriteProcessMemory request was completed. (0x12B)
[0724/221844.123:ERROR:process_memory_win.cc(73)] ReadMemory at 0x8e1320 of 6710 bytes failed: Only part of a ReadProcessMemory or WriteProcessMemory request was completed. (0x12B)
[0724/221844.124:ERROR:process_memory_win.cc(73)] ReadMemory at 0x8e2d60 of 1012 bytes failed: Only part of a ReadProcessMemory or WriteProcessMemory request was completed. (0x12B)
[0724/221844.124:ERROR:process_memory_win.cc(73)] ReadMemory at 0x8e3368 of 2208 bytes failed: Only part of a ReadProcessMemory or WriteProcessMemory request was completed. (0x12B)
[0724/221844.124:ERROR:process_memory_win.cc(73)] ReadMemory at 0x8e3c0a of 118 bytes failed: Only part of a ReadProcessMemory or WriteProcessMemory request was completed. (0x12B)
[0724/221844.124:ERROR:process_memory_win.cc(73)] ReadMemory at 0x8e3c82 of 1256 bytes failed: Only part of a ReadProcessMemory or WriteProcessMemory request was completed. (0x12B)
[0724/221844.124:ERROR:process_memory_win.cc(73)] ReadMemory at 0x8e416c of 118 bytes failed: Only part of a ReadProcessMemory or WriteProcessMemory request was completed. (0x12B)
[0724/221844.124:ERROR:process_memory_win.cc(73)] ReadMemory at 0x8e41e4 of 96 bytes failed: Only part of a ReadProcessMemory or WriteProcessMemory request was completed. (0x12B)
[0724/221844.124:ERROR:process_memory_win.cc(73)] ReadMemory at 0x8e4250 of 58 bytes failed: Only part of a ReadProcessMemory or WriteProcessMemory request was completed. (0x12B)
[0724/221844.124:ERROR:process_memory_win.cc(73)] ReadMemory at 0x8e42e0 of 132 bytes failed: Only part of a ReadProcessMemory or WriteProcessMemory request was completed. (0x12B)
[0724/221844.124:ERROR:process_memory_win.cc(73)] ReadMemory at 0x8e43d0 of 132 bytes failed: Only part of a ReadProcessMemory or WriteProcessMemory request was completed. (0x12B)
[0724/221844.124:ERROR:process_memory_win.cc(73)] ReadMemory at 0x8e44e8 of 124 bytes failed: Only part of a ReadProcessMemory or WriteProcessMemory request was completed. (0x12B)
[0724/221844.124:ERROR:process_memory_win.cc(73)] ReadMemory at 0x8e47d0 of 64 bytes failed: Only part of a ReadProcessMemory or WriteProcessMemory request was completed. (0x12B)
[0724/221844.124:ERROR:process_memory_win.cc(73)] ReadMemory at 0x8e4820 of 132 bytes failed: Only part of a ReadProcessMemory or WriteProcessMemory request was completed. (0x12B)
[0724/221844.124:ERROR:process_memory_win.cc(73)] ReadMemory at 0x8e4940 of 68 bytes failed: Only part of a ReadProcessMemory or WriteProcessMemory request was completed. (0x12B)
[0724/221844.124:ERROR:process_memory_win.cc(73)] ReadMemory at 0x8e4990 of 132 bytes failed: Only part of a ReadProcessMemory or WriteProcessMemory request was completed. (0x12B)
[0724/221844.125:ERROR:process_memory_win.cc(73)] ReadMemory at 0x8e5bf0 of 152 bytes failed: Only part of a ReadProcessMemory or WriteProcessMemory request was completed. (0x12B)
[0724/221844.125:ERROR:process_memory_win.cc(73)] ReadMemory at 0x8e5ca0 of 132 bytes failed: Only part of a ReadProcessMemory or WriteProcessMemory request was completed. (0x12B)
[0724/221844.125:ERROR:process_memory_win.cc(73)] ReadMemory at 0x8e63f0 of 132 bytes failed: Only part of a ReadProcessMemory or WriteProcessMemory request was completed. (0x12B)
[0724/221844.125:ERROR:process_memory_win.cc(73)] ReadMemory at 0x8e6510 of 60 bytes failed: Only part of a ReadProcessMemory or WriteProcessMemory request was completed. (0x12B)
[0724/221844.125:ERROR:process_memory_win.cc(73)] ReadMemory at 0x8e6560 of 132 bytes failed: Only part of a ReadProcessMemory or WriteProcessMemory request was completed. (0x12B)
[0724/221844.125:ERROR:process_memory_win.cc(73)] ReadMemory at 0x8e6710 of 62 bytes failed: Only part of a ReadProcessMemory or WriteProcessMemory request was completed. (0x12B)
[0724/221844.125:ERROR:process_memory_win.cc(73)] ReadMemory at 0x9215f0 of 150 bytes failed: Only part of a ReadProcessMemory or WriteProcessMemory request was completed. (0x12B)
[0724/221844.125:ERROR:process_memory_win.cc(73)] ReadMemory at 0x9216d0 of 104 bytes failed: Only part of a ReadProcessMemory or WriteProcessMemory request was completed. (0x12B)
[0724/221844.125:ERROR:process_memory_win.cc(73)] ReadMemory at 0x921750 of 132 bytes failed: Only part of a ReadProcessMemory or WriteProcessMemory request was completed. (0x12B)
[0724/221844.125:ERROR:process_memory_win.cc(73)] ReadMemory at 0x923070 of 54 bytes failed: Only part of a ReadProcessMemory or WriteProcessMemory request was completed. (0x12B)
[0724/221844.125:ERROR:process_memory_win.cc(73)] ReadMemory at 0x924830 of 60 bytes failed: Only part of a ReadProcessMemory or WriteProcessMemory request was completed. (0x12B)
[0724/221844.125:ERROR:process_memory_win.cc(73)] ReadMemory at 0x924880 of 132 bytes failed: Only part of a ReadProcessMemory or WriteProcessMemory request was completed. (0x12B)
[0724/221844.125:ERROR:process_memory_win.cc(73)] ReadMemory at 0x924970 of 132 bytes failed: Only part of a ReadProcessMemory or WriteProcessMemory request was completed. (0x12B)
[0724/221844.126:ERROR:process_memory_win.cc(73)] ReadMemory at 0x924a60 of 132 bytes failed: Only part of a ReadProcessMemory or WriteProcessMemory request was completed. (0x12B)
[0724/221844.126:ERROR:process_memory_win.cc(73)] ReadMemory at 0x924b50 of 58 bytes failed: Only part of a ReadProcessMemory or WriteProcessMemory request was completed. (0x12B)
[0724/221844.126:ERROR:process_memory_win.cc(73)] ReadMemory at 0x924ba0 of 132 bytes failed: Only part of a ReadProcessMemory or WriteProcessMemory request was completed. (0x12B)
[0724/221844.126:ERROR:process_memory_win.cc(73)] ReadMemory at 0x924c90 of 132 bytes failed: Only part of a ReadProcessMemory or WriteProcessMemory request was completed. (0x12B)
[0724/221844.126:ERROR:process_memory_win.cc(73)] ReadMemory at 0x924d80 of 58 bytes failed: Only part of a ReadProcessMemory or WriteProcessMemory request was completed. (0x12B)
[0724/221844.126:ERROR:process_memory_win.cc(73)] ReadMemory at 0x924dd0 of 64 bytes failed: Only part of a ReadProcessMemory or WriteProcessMemory request was completed. (0x12B)
[0724/221844.126:ERROR:process_memory_win.cc(73)] ReadMemory at 0x925f60 of 60 bytes failed: Only part of a ReadProcessMemory or WriteProcessMemory request was completed. (0x12B)
[0724/221844.126:ERROR:process_memory_win.cc(73)] ReadMemory at 0x925fb0 of 132 bytes failed: Only part of a ReadProcessMemory or WriteProcessMemory request was completed. (0x12B)
[0724/221844.126:ERROR:process_memory_win.cc(73)] ReadMemory at 0x9260a0 of 132 bytes failed: Only part of a ReadProcessMemory or WriteProcessMemory request was completed. (0x12B)
[0724/221844.126:ERROR:process_memory_win.cc(73)] ReadMemory at 0x926190 of 132 bytes failed: Only part of a ReadProcessMemory or WriteProcessMemory request was completed. (0x12B)
[0724/221844.126:ERROR:process_memory_win.cc(73)] ReadMemory at 0x9263f0 of 62 bytes failed: Only part of a ReadProcessMemory or WriteProcessMemory request was completed. (0x12B)
[0724/221844.126:ERROR:process_memory_win.cc(73)] ReadMemory at 0x926440 of 64 bytes failed: Only part of a ReadProcessMemory or WriteProcessMemory request was completed. (0x12B)
[0724/221844.126:ERROR:process_memory_win.cc(73)] ReadMemory at 0x926490 of 62 bytes failed: Only part of a ReadProcessMemory or WriteProcessMemory request was completed. (0x12B)
[0724/221844.126:ERROR:process_memory_win.cc(73)] ReadMemory at 0x9264e0 of 60 bytes failed: Only part of a ReadProcessMemory or WriteProcessMemory request was completed. (0x12B)
[0724/221844.126:ERROR:process_memory_win.cc(73)] ReadMemory at 0x926530 of 58 bytes failed: Only part of a ReadProcessMemory or WriteProcessMemory request was completed. (0x12B)
[0724/221844.126:ERROR:process_memory_win.cc(73)] ReadMemory at 0x926580 of 58 bytes failed: Only part of a ReadProcessMemory or WriteProcessMemory request was completed. (0x12B)
[0724/221844.127:ERROR:process_memory_win.cc(73)] ReadMemory at 0x9273c0 of 132 bytes failed: Only part of a ReadProcessMemory or WriteProcessMemory request was completed. (0x12B)
[0724/221844.127:ERROR:process_memory_win.cc(73)] ReadMemory at 0x9274e0 of 132 bytes failed: Only part of a ReadProcessMemory or WriteProcessMemory request was completed. (0x12B)
[0724/221844.127:ERROR:process_memory_win.cc(73)] ReadMemory at 0x9275d0 of 132 bytes failed: Only part of a ReadProcessMemory or WriteProcessMemory request was completed. (0x12B)
[0724/221844.127:ERROR:process_memory_win.cc(73)] ReadMemory at 0x9276c0 of 132 bytes failed: Only part of a ReadProcessMemory or WriteProcessMemory request was completed. (0x12B)
[0724/221844.127:ERROR:process_memory_win.cc(73)] ReadMemory at 0x9277b0 of 132 bytes failed: Only part of a ReadProcessMemory or WriteProcessMemory request was completed. (0x12B)
[0724/221844.127:ERROR:process_memory_win.cc(73)] ReadMemory at 0x9278a0 of 132 bytes failed: Only part of a ReadProcessMemory or WriteProcessMemory request was completed. (0x12B)
[0724/221844.127:ERROR:process_memory_win.cc(73)] ReadMemory at 0x927990 of 132 bytes failed: Only part of a ReadProcessMemory or WriteProcessMemory request was completed. (0x12B)
[0724/221844.127:ERROR:process_memory_win.cc(73)] ReadMemory at 0x927a80 of 132 bytes failed: Only part of a ReadProcessMemory or WriteProcessMemory request was completed. (0x12B)
[0724/221844.127:ERROR:process_memory_win.cc(73)] ReadMemory at 0x927b70 of 132 bytes failed: Only part of a ReadProcessMemory or WriteProcessMemory request was completed. (0x12B)
[0724/221844.127:ERROR:process_memory_win.cc(73)] ReadMemory at 0x927c60 of 132 bytes failed: Only part of a ReadProcessMemory or WriteProcessMemory request was completed. (0x12B)
[0724/221844.127:ERROR:process_memory_win.cc(73)] ReadMemory at 0x927d50 of 132 bytes failed: Only part of a ReadProcessMemory or WriteProcessMemory request was completed. (0x12B)
[0724/221844.127:ERROR:process_memory_win.cc(73)] ReadMemory at 0x927e40 of 132 bytes failed: Only part of a ReadProcessMemory or WriteProcessMemory request was completed. (0x12B)
[0724/221844.127:ERROR:process_memory_win.cc(73)] ReadMemory at 0x927f30 of 132 bytes failed: Only part of a ReadProcessMemory or WriteProcessMemory request was completed. (0x12B)
[0724/221844.127:ERROR:process_memory_win.cc(73)] ReadMemory at 0x928020 of 132 bytes failed: Only part of a ReadProcessMemory or WriteProcessMemory request was completed. (0x12B)
[0724/221844.127:ERROR:process_memory_win.cc(73)] ReadMemory at 0x928110 of 132 bytes failed: Only part of a ReadProcessMemory or WriteProcessMemory request was completed. (0x12B)
[0724/221844.127:ERROR:process_memory_win.cc(73)] ReadMemory at 0x928200 of 132 bytes failed: Only part of a ReadProcessMemory or WriteProcessMemory request was completed. (0x12B)
[0724/221844.128:ERROR:process_memory_win.cc(73)] ReadMemory at 0x9282f0 of 132 bytes failed: Only part of a ReadProcessMemory or WriteProcessMemory request was completed. (0x12B)
[0724/221844.128:ERROR:process_memory_win.cc(73)] ReadMemory at 0x9283e0 of 132 bytes failed: Only part of a ReadProcessMemory or WriteProcessMemory request was completed. (0x12B)
[0724/221844.128:ERROR:process_memory_win.cc(73)] ReadMemory at 0x9284d0 of 132 bytes failed: Only part of a ReadProcessMemory or WriteProcessMemory request was completed. (0x12B)
[0724/221844.128:ERROR:process_memory_win.cc(73)] ReadMemory at 0x9285c0 of 132 bytes failed: Only part of a ReadProcessMemory or WriteProcessMemory request was completed. (0x12B)
[0724/221844.128:ERROR:process_memory_win.cc(73)] ReadMemory at 0x9286b0 of 132 bytes failed: Only part of a ReadProcessMemory or WriteProcessMemory request was completed. (0x12B)
[0724/221844.128:ERROR:process_memory_win.cc(73)] ReadMemory at 0x9287a0 of 132 bytes failed: Only part of a ReadProcessMemory or WriteProcessMemory request was completed. (0x12B)
[0724/221844.128:ERROR:process_memory_win.cc(73)] ReadMemory at 0x928890 of 132 bytes failed: Only part of a ReadProcessMemory or WriteProcessMemory request was completed. (0x12B)
[0724/221844.128:ERROR:process_memory_win.cc(73)] ReadMemory at 0x928980 of 132 bytes failed: Only part of a ReadProcessMemory or WriteProcessMemory request was completed. (0x12B)
[0724/221844.128:ERROR:process_memory_win.cc(73)] ReadMemory at 0x928a70 of 132 bytes failed: Only part of a ReadProcessMemory or WriteProcessMemory request was completed. (0x12B)
[0724/221844.128:ERROR:process_memory_win.cc(73)] ReadMemory at 0x928b60 of 132 bytes failed: Only part of a ReadProcessMemory or WriteProcessMemory request was completed. (0x12B)
[0724/221844.128:ERROR:process_memory_win.cc(73)] ReadMemory at 0x928c50 of 132 bytes failed: Only part of a ReadProcessMemory or WriteProcessMemory request was completed. (0x12B)
[0724/221844.128:ERROR:process_memory_win.cc(73)] ReadMemory at 0x928e30 of 132 bytes failed: Only part of a ReadProcessMemory or WriteProcessMemory request was completed. (0x12B)
[0724/221844.128:ERROR:process_memory_win.cc(73)] ReadMemory at 0x928f20 of 132 bytes failed: Only part of a ReadProcessMemory or WriteProcessMemory request was completed. (0x12B)
[0724/221844.128:ERROR:process_memory_win.cc(73)] ReadMemory at 0x929010 of 132 bytes failed: Only part of a ReadProcessMemory or WriteProcessMemory request was completed. (0x12B)
[0724/221844.129:ERROR:process_memory_win.cc(73)] ReadMemory at 0x929170 of 512 bytes failed: Only part of a ReadProcessMemory or WriteProcessMemory request was completed. (0x12B)
[0724/221844.129:ERROR:process_memory_win.cc(73)] ReadMemory at 0x932f20 of 64 bytes failed: Only part of a ReadProcessMemory or WriteProcessMemory request was completed. (0x12B)
[0724/221844.129:ERROR:process_memory_win.cc(73)] ReadMemory at 0x932f70 of 60 bytes failed: Only part of a ReadProcessMemory or WriteProcessMemory request was completed. (0x12B)
[0724/221844.129:ERROR:process_memory_win.cc(73)] ReadMemory at 0x932fc0 of 60 bytes failed: Only part of a ReadProcessMemory or WriteProcessMemory request was completed. (0x12B)
[0724/221844.129:ERROR:process_memory_win.cc(73)] ReadMemory at 0x933010 of 64 bytes failed: Only part of a ReadProcessMemory or WriteProcessMemory request was completed. (0x12B)
[0724/221844.129:ERROR:process_memory_win.cc(73)] ReadMemory at 0x933060 of 58 bytes failed: Only part of a ReadProcessMemory or WriteProcessMemory request was completed. (0x12B)
[0724/221844.129:ERROR:process_memory_win.cc(73)] ReadMemory at 0x9330b0 of 58 bytes failed: Only part of a ReadProcessMemory or WriteProcessMemory request was completed. (0x12B)
[0724/221844.129:ERROR:process_memory_win.cc(73)] ReadMemory at 0x933100 of 62 bytes failed: Only part of a ReadProcessMemory or WriteProcessMemory request was completed. (0x12B)
[0724/221844.129:ERROR:process_memory_win.cc(73)] ReadMemory at 0x933150 of 62 bytes failed: Only part of a ReadProcessMemory or WriteProcessMemory request was completed. (0x12B)
[0724/221844.129:ERROR:process_memory_win.cc(73)] ReadMemory at 0x9331a0 of 62 bytes failed: Only part of a ReadProcessMemory or WriteProcessMemory request was completed. (0x12B)
[0724/221844.129:ERROR:process_memory_win.cc(73)] ReadMemory at 0x9331f0 of 62 bytes failed: Only part of a ReadProcessMemory or WriteProcessMemory request was completed. (0x12B)
[0724/221844.129:ERROR:process_memory_win.cc(73)] ReadMemory at 0x933240 of 58 bytes failed: Only part of a ReadProcessMemory or WriteProcessMemory request was completed. (0x12B)
[0724/221844.129:ERROR:process_memory_win.cc(73)] ReadMemory at 0x933290 of 60 bytes failed: Only part of a ReadProcessMemory or WriteProcessMemory request was completed. (0x12B)
[0724/221844.129:ERROR:process_memory_win.cc(73)] ReadMemory at 0x9332e0 of 60 bytes failed: Only part of a ReadProcessMemory or WriteProcessMemory request was completed. (0x12B)
[0724/221844.129:ERROR:process_memory_win.cc(73)] ReadMemory at 0x933330 of 64 bytes failed: Only part of a ReadProcessMemory or WriteProcessMemory request was completed. (0x12B)
[0724/221844.130:ERROR:process_memory_win.cc(73)] ReadMemory at 0x933380 of 62 bytes failed: Only part of a ReadProcessMemory or WriteProcessMemory request was completed. (0x12B)
[0724/221844.130:ERROR:process_memory_win.cc(73)] ReadMemory at 0x9333d0 of 62 bytes failed: Only part of a ReadProcessMemory or WriteProcessMemory request was completed. (0x12B)
[0724/221844.130:ERROR:process_memory_win.cc(73)] ReadMemory at 0x933420 of 58 bytes failed: Only part of a ReadProcessMemory or WriteProcessMemory request was completed. (0x12B)
[0724/221844.130:ERROR:process_memory_win.cc(73)] ReadMemory at 0x933470 of 64 bytes failed: Only part of a ReadProcessMemory or WriteProcessMemory request was completed. (0x12B)
[0724/221844.130:ERROR:process_memory_win.cc(73)] ReadMemory at 0x933560 of 62 bytes failed: Only part of a ReadProcessMemory or WriteProcessMemory request was completed. (0x12B)
[0724/221844.130:ERROR:process_memory_win.cc(73)] ReadMemory at 0x9335b0 of 62 bytes failed: Only part of a ReadProcessMemory or WriteProcessMemory request was completed. (0x12B)
[0724/221844.130:ERROR:process_memory_win.cc(73)] ReadMemory at 0x9336f0 of 66 bytes failed: Only part of a ReadProcessMemory or WriteProcessMemory request was completed. (0x12B)
[0724/221844.130:ERROR:process_memory_win.cc(73)] ReadMemory at 0x935010 of 150 bytes failed: Only part of a ReadProcessMemory or WriteProcessMemory request was completed. (0x12B)
[0724/221844.130:ERROR:process_memory_win.cc(73)] ReadMemory at 0x935b00 of 144 bytes failed: Only part of a ReadProcessMemory or WriteProcessMemory request was completed. (0x12B)
[0724/221844.130:ERROR:process_memory_win.cc(73)] ReadMemory at 0x935cb0 of 80 bytes failed: Only part of a ReadProcessMemory or WriteProcessMemory request was completed. (0x12B)
[0724/221844.130:ERROR:process_memory_win.cc(73)] ReadMemory at 0x937a70 of 54 bytes failed: Only part of a ReadProcessMemory or WriteProcessMemory request was completed. (0x12B)
[0724/221844.130:ERROR:process_memory_win.cc(73)] ReadMemory at 0x94bbc0 of 592 bytes failed: Only part of a ReadProcessMemory or WriteProcessMemory request was completed. (0x12B)
[0724/221844.130:ERROR:process_memory_win.cc(73)] ReadMemory at 0x1f0b520 of 512 bytes failed: Only part of a ReadProcessMemory or WriteProcessMemory request was completed. (0x12B)
[0724/221844.130:ERROR:process_memory_win.cc(73)] ReadMemory at 0x1f1ef10 of 512 bytes failed: Only part of a ReadProcessMemory or WriteProcessMemory request was completed. (0x12B)
[0724/221844.130:ERROR:process_memory_win.cc(73)] ReadMemory at 0x1f239d0 of 512 bytes failed: Only part of a ReadProcessMemory or WriteProcessMemory request was completed. (0x12B)
[0724/221844.130:ERROR:process_memory_win.cc(73)] ReadMemory at 0x1f243f0 of 712 bytes failed: Only part of a ReadProcessMemory or WriteProcessMemory request was completed. (0x12B)
[0724/221844.131:ERROR:process_memory_win.cc(73)] ReadMemory at 0x1f2aa70 of 512 bytes failed: Only part of a ReadProcessMemory or WriteProcessMemory request was completed. (0x12B)
[0724/221844.131:ERROR:process_memory_win.cc(73)] ReadMemory at 0x1f32700 of 512 bytes failed: Only part of a ReadProcessMemory or WriteProcessMemory request was completed. (0x12B)
[0724/221844.131:ERROR:process_memory_win.cc(73)] ReadMemory at 0x1f3b6e0 of 528 bytes failed: Only part of a ReadProcessMemory or WriteProcessMemory request was completed. (0x12B)
[0724/221844.131:ERROR:process_memory_win.cc(73)] ReadMemory at 0x1f582d0 of 512 bytes failed: Only part of a ReadProcessMemory or WriteProcessMemory request was completed. (0x12B)
[0724/221844.131:ERROR:process_memory_win.cc(73)] ReadMemory at 0x1f5bac0 of 512 bytes failed: Only part of a ReadProcessMemory or WriteProcessMemory request was completed. (0x12B)
[0724/221844.131:ERROR:process_memory_win.cc(73)] ReadMemory at 0x1f5ee81 of 623 bytes failed: Only part of a ReadProcessMemory or WriteProcessMemory request was completed. (0x12B)
[0724/221844.131:ERROR:process_memory_win.cc(73)] ReadMemory at 0x1f65fa0 of 576 bytes failed: Only part of a ReadProcessMemory or WriteProcessMemory request was completed. (0x12B)
[0724/221844.131:ERROR:process_memory_win.cc(73)] ReadMemory at 0x21c6c80 of 512 bytes failed: Only part of a ReadProcessMemory or WriteProcessMemory request was completed. (0x12B)
[0724/221844.131:ERROR:process_memory_win.cc(73)] ReadMemory at 0x78fc060 of 512 bytes failed: Only part of a ReadProcessMemory or WriteProcessMemory request was completed. (0x12B)
[0724/221844.131:ERROR:process_memory_win.cc(73)] ReadMemory at 0x78feb00 of 512 bytes failed: Only part of a ReadProcessMemory or WriteProcessMemory request was completed. (0x12B)
[0724/221844.131:ERROR:process_memory_win.cc(73)] ReadMemory at 0x79382b0 of 512 bytes failed: Only part of a ReadProcessMemory or WriteProcessMemory request was completed. (0x12B)
[0724/221844.131:ERROR:process_memory_win.cc(73)] ReadMemory at 0x7939750 of 544 bytes failed: Only part of a ReadProcessMemory or WriteProcessMemory request was completed. (0x12B)
[0724/221844.131:ERROR:process_memory_win.cc(73)] ReadMemory at 0x79aa000 of 512 bytes failed: Only part of a ReadProcessMemory or WriteProcessMemory request was completed. (0x12B)
[0724/221844.131:ERROR:process_memory_win.cc(73)] ReadMemory at 0xc17eed0 of 520 bytes failed: Only part of a ReadProcessMemory or WriteProcessMemory request was completed. (0x12B)
[0724/221844.131:ERROR:process_memory_win.cc(73)] ReadMemory at 0xc46f610 of 512 bytes failed: Only part of a ReadProcessMemory or WriteProcessMemory request was completed. (0x12B)
[0724/221844.131:ERROR:process_memory_win.cc(73)] ReadMemory at 0xc51c178 of 512 bytes failed: Only part of a ReadProcessMemory or WriteProcessMemory request was completed. (0x12B)
[0724/221844.131:ERROR:process_memory_win.cc(73)] ReadMemory at 0x10ae0f80 of 512 bytes failed: Only part of a ReadProcessMemory or WriteProcessMemory request was completed. (0x12B)
[0724/221844.132:ERROR:process_memory_win.cc(73)] ReadMemory at 0x7754b228 of 512 bytes failed: Only part of a ReadProcessMemory or WriteProcessMemory request was completed. (0x12B)
[0724/221844.132:ERROR:process_memory_win.cc(73)] ReadMemory at 0x77667bc8 of 18 bytes failed: Only part of a ReadProcessMemory or WriteProcessMemory request was completed. (0x12B)
[0724/221844.132:ERROR:process_memory_win.cc(73)] ReadMemory at 0x7766a6c8 of 576 bytes failed: Only part of a ReadProcessMemory or WriteProcessMemory request was completed. (0x12B)
[0724/221844.132:ERROR:process_memory_win.cc(73)] ReadMemory at 0x7766a928 of 672 bytes failed: Only part of a ReadProcessMemory or WriteProcessMemory request was completed. (0x12B)
[0724/221844.132:ERROR:process_memory_win.cc(73)] ReadMemory at 0x77673160 of 512 bytes failed: Only part of a ReadProcessMemory or WriteProcessMemory request was completed. (0x12B)
[0724/221844.132:ERROR:process_memory_win.cc(73)] ReadMemory at 0x776c976a of 592 bytes failed: Only part of a ReadProcessMemory or WriteProcessMemory request was completed. (0x12B)
[0724/221844.132:ERROR:process_memory_win.cc(73)] ReadMemory at 0x776c9a6a of 512 bytes failed: Only part of a ReadProcessMemory or WriteProcessMemory request was completed. (0x12B)
[0724/221844.132:ERROR:process_memory_win.cc(73)] ReadMemory at 0x776c9cda of 512 bytes failed: Only part of a ReadProcessMemory or WriteProcessMemory request was completed. (0x12B)
[0724/221844.132:ERROR:process_memory_win.cc(73)] ReadMemory at 0x776cb01a of 528 bytes failed: Only part of a ReadProcessMemory or WriteProcessMemory request was completed. (0x12B)
[0724/221844.132:ERROR:process_memory_win.cc(73)] ReadMemory at 0x77759440 of 512 bytes failed: Only part of a ReadProcessMemory or WriteProcessMemory request was completed. (0x12B)
[0724/221844.132:ERROR:process_memory_win.cc(73)] ReadMemory at 0x777880d8 of 40 bytes failed: Only part of a ReadProcessMemory or WriteProcessMemory request was completed. (0x12B)
[0724/221844.132:ERROR:process_memory_win.cc(73)] ReadMemory at 0x77792dc0 of 48 bytes failed: Only part of a ReadProcessMemory or WriteProcessMemory request was completed. (0x12B)
[0724/221844.132:ERROR:process_memory_win.cc(73)] ReadMemory at 0x77792e40 of 64 bytes failed: Only part of a ReadProcessMemory or WriteProcessMemory request was completed. (0x12B)
[0724/221844.132:ERROR:process_memory_win.cc(73)] ReadMemory at 0x225083df110 of 512 bytes failed: Only part of a ReadProcessMemory or WriteProcessMemory request was completed. (0x12B)
[0724/221844.133:ERROR:process_memory_win.cc(73)] ReadMemory at 0x22508a5ff48 of 512 bytes failed: Only part of a ReadProcessMemory or WriteProcessMemory request was completed. (0x12B)
[0724/221844.133:ERROR:process_memory_win.cc(73)] ReadMemory at 0x7fed161818c of 512 bytes failed: Only part of a ReadProcessMemory or WriteProcessMemory request was completed. (0x12B)
[0724/221844.133:ERROR:process_memory_win.cc(73)] ReadMemory at 0x7fef085b97e of 512 bytes failed: Only part of a ReadProcessMemory or WriteProcessMemory request was completed. (0x12B)
[0724/221844.133:ERROR:process_memory_win.cc(73)] ReadMemory at 0x7fefd35b7fd of 512 bytes failed: Only part of a ReadProcessMemory or WriteProcessMemory request was completed. (0x12B)
[0724/221844.133:ERROR:process_memory_win.cc(73)] ReadMemory at 0x7fffff94000 of 6024 bytes failed: Only part of a ReadProcessMemory or WriteProcessMemory request was completed. (0x12B)
[0724/221844.133:ERROR:process_memory_win.cc(73)] ReadMemory at 0x7fffff96000 of 6024 bytes failed: Only part of a ReadProcessMemory or WriteProcessMemory request was completed. (0x12B)
[0724/221844.133:ERROR:process_memory_win.cc(73)] ReadMemory at 0x7fffff98000 of 6024 bytes failed: Only part of a ReadProcessMemory or WriteProcessMemory request was completed. (0x12B)
[0724/221844.133:ERROR:process_memory_win.cc(73)] ReadMemory at 0x7fffff9a000 of 6024 bytes failed: Only part of a ReadProcessMemory or WriteProcessMemory request was completed. (0x12B)
[0724/221844.133:ERROR:process_memory_win.cc(73)] ReadMemory at 0x7fffff9c000 of 6024 bytes failed: Only part of a ReadProcessMemory or WriteProcessMemory request was completed. (0x12B)
[0724/221844.133:ERROR:process_memory_win.cc(73)] ReadMemory at 0x7fffff9e000 of 6024 bytes failed: Only part of a ReadProcessMemory or WriteProcessMemory request was completed. (0x12B)
[0724/221844.133:ERROR:process_memory_win.cc(73)] ReadMemory at 0x7fffffa0000 of 6024 bytes failed: Only part of a ReadProcessMemory or WriteProcessMemory request was completed. (0x12B)
[0724/221844.133:ERROR:process_memory_win.cc(73)] ReadMemory at 0x7fffffa2000 of 6024 bytes failed: Only part of a ReadProcessMemory or WriteProcessMemory request was completed. (0x12B)
[0724/221844.134:ERROR:process_memory_win.cc(73)] ReadMemory at 0x7fffffa4000 of 6024 bytes failed: Only part of a ReadProcessMemory or WriteProcessMemory request was completed. (0x12B)
[0724/221844.134:ERROR:process_memory_win.cc(73)] ReadMemory at 0x7fffffa6000 of 6024 bytes failed: Only part of a ReadProcessMemory or WriteProcessMemory request was completed. (0x12B)
[0724/221844.134:ERROR:process_memory_win.cc(73)] ReadMemory at 0x7fffffa8000 of 6024 bytes failed: Only part of a ReadProcessMemory or WriteProcessMemory request was completed. (0x12B)
[0724/221844.134:ERROR:process_memory_win.cc(73)] ReadMemory at 0x7fffffaa000 of 6024 bytes failed: Only part of a ReadProcessMemory or WriteProcessMemory request was completed. (0x12B)
[0724/221844.134:ERROR:process_memory_win.cc(73)] ReadMemory at 0x7fffffac000 of 6024 bytes failed: Only part of a ReadProcessMemory or WriteProcessMemory request was completed. (0x12B)
[0724/221844.134:ERROR:process_memory_win.cc(73)] ReadMemory at 0x7fffffae000 of 6024 bytes failed: Only part of a ReadProcessMemory or WriteProcessMemory request was completed. (0x12B)
[0724/221844.134:ERROR:process_memory_win.cc(73)] ReadMemory at 0x7fffffd4000 of 6024 bytes failed: Only part of a ReadProcessMemory or WriteProcessMemory request was completed. (0x12B)
[0724/221844.134:ERROR:process_memory_win.cc(73)] ReadMemory at 0x7fffffd6000 of 6024 bytes failed: Only part of a ReadProcessMemory or WriteProcessMemory request was completed. (0x12B)
[0724/221844.134:ERROR:process_memory_win.cc(73)] ReadMemory at 0x7fffffd8000 of 6024 bytes failed: Only part of a ReadProcessMemory or WriteProcessMemory request was completed. (0x12B)
[0724/221844.134:ERROR:process_memory_win.cc(73)] ReadMemory at 0x7fffffda000 of 852 bytes failed: Only part of a ReadProcessMemory or WriteProcessMemory request was completed. (0x12B)
[0724/221844.134:ERROR:process_memory_win.cc(73)] ReadMemory at 0x7fffffdc000 of 6024 bytes failed: Only part of a ReadProcessMemory or WriteProcessMemory request was completed. (0x12B)
[0724/221844.134:ERROR:process_memory_win.cc(73)] ReadMemory at 0x7fffffde000 of 6024 bytes failed: Only part of a ReadProcessMemory or WriteProcessMemory request was completed. (0x12B)
[0724/221844.136:ERROR:scoped_process_suspend.cc(40)] NtResumeProcess: An attempt was made to access an exiting process. (0xc000010a)
[0724/221844.150:ERROR:file_io_win.cc(161)] CreateFile C:\Users\User\AppData\Local\Temp\scoped_dir9820_101580793\Crashpad\settings.dat: The system cannot find the file specified. (0x2)
